number,value,datetime_start,datetime_complete,duration,params_alpha_ewma,params_best_stagnation_limit,params_max_overrun_factor,params_plateau_tolerance_pct,params_rho_base,params_rho_stagnant,params_stagnation_epsilon,params_stagnation_window,state
0,0.19960210000000003,2026-07-11 01:05:42.421847,2026-07-11 01:28:56.158161,0 days 00:23:13.736314,0.5764373149647393,20,1.749080237694725,0.003964354168406294,0.026844247528777843,0.08728673384861885,1.4907884894416696,20,COMPLETE
1,0.27899703000000003,2026-07-11 01:28:56.178467,2026-07-11 01:49:05.118383,0 days 00:20:08.939916,0.6040461642323554,30,2.2022300234864174,0.016816410175208015,0.06272924049005918,0.022423428436076212,0.13911053916202465,16,COMPLETE
2,0.39965114,2026-07-11 01:49:05.134667,2026-07-11 02:02:14.334940,0 days 00:13:09.200273,0.5683519917195005,12,1.6084844859190754,0.01262520499972521,0.09472194807521325,0.03980437511290071,0.9206955354200199,13,COMPLETE
3,0.38676971000000004,2026-07-11 02:02:14.350040,2026-07-11 02:17:41.201847,0 days 00:15:26.851807,0.5227607022327989,18,1.9121399684340719,0.012255876808378807,0.1861880070514171,0.021199791750292695,0.4793801861008835,17,COMPLETE
4,0.21436692000000002,2026-07-11 02:17:41.216588,2026-07-11 02:40:29.617037,0 days 00:22:48.400449,0.5478593358631281,26,1.130103185970559,0.006787661614294043,0.2084275776885255,0.046814486905262125,1.9347008628416629,20,COMPLETE
5,0.33055415000000005,2026-07-11 02:40:29.633817,2026-07-11 03:03:10.622494,0 days 00:22:40.988677,0.8246359193334512,28,1.2440764696895577,0.0059168196504003215,0.10039621206592916,0.054406462011892025,0.16533819011891496,12,COMPLETE
6,0.43268543000000004,2026-07-11 03:03:10.639479,2026-07-11 03:19:59.937250,0 days 00:16:49.297771,0.938465401709548,25,2.0934205586865593,0.018850479889719593,0.18339099385521468,0.0925780523271961,1.9422107927526613,7,COMPLETE
7,0.42788567,2026-07-11 03:19:59.958513,2026-07-11 03:36:44.400664,0 days 00:16:44.442151,0.632961025569209,13,1.176985004103839,0.008384868504100158,0.2503338776540595,0.03889156603589098,0.18593184893002235,8,COMPLETE
8,0.31082844000000004,2026-07-11 03:36:44.416715,2026-07-11 04:01:54.444247,0 days 00:25:10.027532,0.9835745989342535,25,1.5618690193747615,0.002416462229915646,0.23395098309603066,0.02387798974574638,0.36775602745204905,13,COMPLETE
9,0.33151769000000003,2026-07-11 04:01:54.462228,2026-07-11 04:18:30.958544,0 days 00:16:36.496316,0.5362818793497043,23,1.0110442342472048,0.01565413658703297,0.11395506127783904,0.016007560654887322,1.4430289533104725,18,COMPLETE
10,0.6147153099999999,2026-07-11 04:18:30.986367,2026-07-11 04:25:19.013956,0 days 00:06:48.027589,0.9447557496884337,5,2.888257259270299,0.019693610106777695,0.2883335163241717,0.09779294638124943,1.9421205104969448,5,COMPLETE
11,0.64607001,2026-07-11 04:25:19.030409,2026-07-11 04:31:54.227002,0 days 00:06:35.196593,0.9859907925448316,5,2.8939237527802986,0.019504483963938304,0.29607874641008536,0.09700684889319457,1.9855679103463544,5,COMPLETE
12,0.6879791799999999,2026-07-11 04:31:54.241795,2026-07-11 04:38:26.762216,0 days 00:06:32.520421,0.8738388769404623,5,2.9886798337079723,0.019688326975174295,0.2991620035615583,0.07618793019588738,1.66268169614183,5,COMPLETE
13,0.59494922,2026-07-11 04:38:26.782156,2026-07-11 04:45:51.577894,0 days 00:07:24.795738,0.8412066708807113,5,2.983086665528242,0.015501493432415407,0.2998151072060498,0.07347860650820515,1.5666662091443673,5,COMPLETE
14,0.5347351800000001,2026-07-11 04:45:51.592054,2026-07-11 04:55:19.700078,0 days 00:09:28.108024,0.8514339888465374,10,2.5660889034062238,0.017548565705199807,0.2609178343500427,0.07417248664327836,1.1619948365880202,9,COMPLETE
15,0.44419384,2026-07-11 04:55:19.715637,2026-07-11 05:05:37.046735,0 days 00:10:17.331098,0.7085388375382761,9,2.5931398385113518,0.013564022741927004,0.1427794064091485,0.07706875223896881,1.6841705116229617,11,COMPLETE
16,0.5910760199999999,2026-07-11 05:05:37.063276,2026-07-11 05:13:43.743140,0 days 00:08:06.679864,0.901216279257562,8,2.6229638316734363,0.019975273206908693,0.27264872273539853,0.06168342369930432,1.1662729159929315,7,COMPLETE
17,0.39039665999999995,2026-07-11 05:13:43.759574,2026-07-11 05:29:39.175560,0 days 00:15:55.415986,0.7742117876174239,14,2.341401199484828,0.009507605295786094,0.22250108250226885,0.08192041968431416,1.6970206642837926,10,COMPLETE
18,0.51239816,2026-07-11 05:29:39.190964,2026-07-11 05:37:58.874774,0 days 00:08:19.683810,0.8988569157331374,7,2.814100677927744,0.014007267949506122,0.2998081213402316,0.06474784763733187,0.9373064379623777,5,COMPLETE
19,0.4139249100000001,2026-07-11 05:37:58.890693,2026-07-11 05:50:50.986682,0 days 00:12:52.095989,0.9849703988391508,16,2.748463558110309,0.017738741449528108,0.16680875865618705,0.09782266412898574,1.72711365858135,7,COMPLETE
20,0.4691422,2026-07-11 05:50:51.006493,2026-07-11 06:04:29.437680,0 days 00:13:38.431187,0.7010080070687618,11,2.3261016975397255,0.011356113053948255,0.24929597438410775,0.08705575321113676,1.4151668425065642,15,COMPLETE
21,0.62879776,2026-07-11 06:04:29.453010,2026-07-11 06:11:01.367493,0 days 00:06:31.914483,0.9320872399446083,5,2.9985875799146555,0.01992828230369966,0.28033308915643673,0.09899367655802511,1.9140431444120756,5,COMPLETE
22,0.5768829299999999,2026-07-11 06:11:01.385600,2026-07-11 06:19:21.769365,0 days 00:08:20.383765,0.8951814551829229,7,2.9432134635642253,0.01588852976790341,0.2681085681895683,0.09818883634220008,1.8408867822502917,6,COMPLETE
23,0.67299956,2026-07-11 06:19:21.786126,2026-07-11 06:26:34.321864,0 days 00:07:12.535738,0.7846810613316209,5,2.7012342652826034,0.0180298729686476,0.2816977317543339,0.08631629237570862,1.7776214541356001,9,COMPLETE
24,0.5443307000000001,2026-07-11 06:26:34.337736,2026-07-11 06:34:43.538909,0 days 00:08:09.201173,0.7830198186039606,7,2.437557805179339,0.018178994110072386,0.22855235627351872,0.06750021828651426,1.7328949988858586,9,COMPLETE
25,0.5668705900000001,2026-07-11 06:34:43.556256,2026-07-11 06:44:24.690115,0 days 00:09:41.133859,0.8106663663611233,9,2.7545196365802944,0.014250318031104528,0.2527671923164799,0.08701999277618501,1.2905405736465863,8,COMPLETE
26,0.40079336,2026-07-11 06:44:24.706320,2026-07-11 06:56:20.041144,0 days 00:11:55.334824,0.7461384560530334,15,2.7284175633303285,0.01695766475963272,0.208597120943332,0.08073248698251073,0.6886819102335491,10,COMPLETE
27,0.58832104,2026-07-11 06:56:20.057118,2026-07-11 07:03:14.657928,0 days 00:06:54.600810,0.8748690143892164,5,2.4817233909166605,0.018907170135147894,0.28373837032104493,0.06949775144699595,1.5982887637029235,6,COMPLETE
28,0.5058390899999999,2026-07-11 07:03:14.675628,2026-07-11 07:13:56.450941,0 days 00:10:41.775313,0.7107790103241629,11,2.855225765363156,0.016268004071325413,0.2978562977434136,0.09024411946222556,1.788775011138008,8,COMPLETE
29,0.47449332999999994,2026-07-11 07:13:56.466497,2026-07-11 07:28:07.609078,0 days 00:14:11.142581,0.8₀₂₂₃₁₅₅₅₅₆₈₇₁₀₃,₂₀,₂.₆₄₇₈₃₆₄₉₇₈₀₃₈₄₄₂,₀.₀₁₇₈₉₉₁₉₁₇₁₄₉³₁³¹⁷,₀.₀⁵⁷⁷⁹⁹⁵⁹⁸⁹⁷⁸¹⁹⁹¹⁹⁶,₀.₀⁵⁹₀⁵²³⁹⁵¹⁵⁵³⁹⁶²⁴⁵,₁.³⁵¹⁴⁷⁵²八₁₀²四五六七六,６,COMPLETE
